<?xml version="1.0" encoding="utf-8"?><testsuites name="pytest tests"><testsuite name="pytest" errors="0" failures="0" skipped="0" tests="33" time="18.693" timestamp="2026-02-22T22:17:12.508802+00:00" hostname="agent-env-fe96d1cd-fd1f-42a5-8f1e-bdeda0b9187c"><testcase classname="backend.tests.test_admin_panel_api.TestAuthAPI" name="test_login_success" time="0.601" /><testcase classname="backend.tests.test_admin_panel_api.TestAuthAPI" name="test_login_invalid_credentials" time="0.144" /><testcase classname="backend.tests.test_admin_panel_api.TestAuthAPI" name="test_login_wrong_password" time="0.357" /><testcase classname="backend.tests.test_admin_panel_api.TestAuthAPI" name="test_get_me_with_token" time="0.467" /><testcase classname="backend.tests.test_admin_panel_api.TestAuthAPI" name="test_get_me_without_token" time="0.128" /><testcase classname="backend.tests.test_admin_panel_api.TestOrdersAPI" name="test_list_orders" time="0.465" /><testcase classname="backend.tests.test_admin_panel_api.TestOrdersAPI" name="test_list_orders_by_type_traveler" time="0.497" /><testcase classname="backend.tests.test_admin_panel_api.TestOrdersAPI" name="test_list_orders_by_type_local" time="0.498" /><testcase classname="backend.tests.test_admin_panel_api.TestOrdersAPI" name="test_list_orders_by_type_western_union" time="0.527" /><testcase classname="backend.tests.test_admin_panel_api.TestOrdersAPI" name="test_get_order_stats" time="0.472" /><testcase classname="backend.tests.test_admin_panel_api.TestOrdersAPI" name="test_update_order_status" time="0.870" /><testcase classname="backend.tests.test_admin_panel_api.TestOrdersAPI" name="test_update_order_admin_data" time="0.932" /><testcase classname="backend.tests.test_admin_panel_api.TestBlocklistAPI" name="test_list_blocklist" time="0.500" /><testcase classname="backend.tests.test_admin_panel_api.TestBlocklistAPI" name="test_get_blocklist_count" time="0.542" /><testcase classname="backend.tests.test_admin_panel_api.TestBlocklistAPI" name="test_add_to_blocklist" time="0.763" /><testcase classname="backend.tests.test_admin_panel_api.TestBlocklistAPI" name="test_check_if_blocked" time="0.774" /><testcase classname="backend.tests.test_admin_panel_api.TestBlocklistAPI" name="test_remove_from_blocklist" time="0.756" /><testcase classname="backend.tests.test_admin_panel_api.TestBlocklistAPI" name="test_get_block_reasons" time="0.476" /><testcase classname="backend.tests.test_admin_panel_api.TestStampsAirportsAPI" name="test_list_stamps" time="0.502" /><testcase classname="backend.tests.test_admin_panel_api.TestStampsAirportsAPI" name="test_list_airports" time="0.512" /><testcase classname="backend.tests.test_admin_panel_api.TestStampsAirportsAPI" name="test_list_borders" time="0.466" /><testcase classname="backend.tests.test_admin_panel_api.TestStampsAirportsAPI" name="test_get_stamp_types" time="0.457" /><testcase classname="backend.tests.test_admin_panel_api.TestStampsAirportsAPI" name="test_create_stamp" time="0.642" /><testcase classname="backend.tests.test_admin_panel_api.TestStampsAirportsAPI" name="test_update_stamp" time="0.825" /><testcase classname="backend.tests.test_admin_panel_api.TestStampsAirportsAPI" name="test_delete_stamp" time="0.605" /><testcase classname="backend.tests.test_admin_panel_api.TestCMSServicesAPI" name="test_list_services" time="0.554" /><testcase classname="backend.tests.test_admin_panel_api.TestCMSServicesAPI" name="test_get_service" time="0.643" /><testcase classname="backend.tests.test_admin_panel_api.TestCMSServicesAPI" name="test_update_service" time="0.653" /><testcase classname="backend.tests.test_admin_panel_api.TestCMSCountriesAPI" name="test_list_countries" time="0.479" /><testcase classname="backend.tests.test_admin_panel_api.TestCMSCountriesAPI" name="test_get_country" time="0.618" /><testcase classname="backend.tests.test_admin_panel_api.TestRatesAPI" name="test_list_rates" time="0.500" /><testcase classname="backend.tests.test_admin_panel_api.TestRatesAPI" name="test_get_rate" time="0.654" /><testcase classname="backend.tests.test_admin_panel_api.TestRatesAPI" name="test_update_rate" time="0.570" /></testsuite></testsuites>