<?xml version="1.0" encoding="utf-8"?><testsuites name="pytest tests"><testsuite name="pytest" errors="0" failures="0" skipped="0" tests="12" time="6.898" timestamp="2026-02-17T02:12:40.815812+00:00" hostname="agent-env-21cb95e7-92ed-4955-b11b-cf1f71340f39"><testcase classname="backend.tests.test_cms_api.TestCMSPublicEndpoints" name="test_get_terms_public" time="0.241" /><testcase classname="backend.tests.test_cms_api.TestCMSPublicEndpoints" name="test_get_contact_public" time="0.166" /><testcase classname="backend.tests.test_cms_api.TestCMSPublicEndpoints" name="test_get_rate_mode_public" time="0.175" /><testcase classname="backend.tests.test_cms_api.TestCMSAuthenticatedEndpoints" name="test_update_terms" time="0.812" /><testcase classname="backend.tests.test_cms_api.TestCMSAuthenticatedEndpoints" name="test_update_contact" time="0.719" /><testcase classname="backend.tests.test_cms_api.TestCMSAuthenticatedEndpoints" name="test_update_rate_mode_manual" time="1.096" /><testcase classname="backend.tests.test_cms_api.TestCMSAuthenticatedEndpoints" name="test_update_rate_mode_auto" time="1.013" /><testcase classname="backend.tests.test_cms_api.TestCMSAuthenticatedEndpoints" name="test_update_terms_without_auth" time="0.503" /><testcase classname="backend.tests.test_cms_api.TestCMSAuthenticatedEndpoints" name="test_update_contact_without_auth" time="0.547" /><testcase classname="backend.tests.test_cms_api.TestCMSAuthenticatedEndpoints" name="test_update_rate_mode_without_auth" time="0.482" /><testcase classname="backend.tests.test_cms_api.TestLiveRatesEndpoints" name="test_fetch_live_rates" time="0.601" /><testcase classname="backend.tests.test_cms_api.TestLiveRatesEndpoints" name="test_sync_live_rates" time="0.486" /></testsuite></testsuites>