<?xml version="1.0" encoding="utf-8"?><testsuites name="pytest tests"><testsuite name="pytest" errors="0" failures="0" skipped="0" tests="18" time="1.210" timestamp="2026-02-03T21:36:20.978413+00:00" hostname="agent-env-d2898ee3-36de-4c17-aaf2-cbea54fe47ad"><testcase classname="tests.test_orders_api.TestOrdersAPI" name="test_api_root" time="0.101" /><testcase classname="tests.test_orders_api.TestOrdersAPI" name="test_create_order_traveler" time="0.120" /><testcase classname="tests.test_orders_api.TestOrdersAPI" name="test_create_order_local" time="0.075" /><testcase classname="tests.test_orders_api.TestOrdersAPI" name="test_create_order_western_union" time="0.077" /><testcase classname="tests.test_orders_api.TestOrdersAPI" name="test_track_order_success" time="0.041" /><testcase classname="tests.test_orders_api.TestOrdersAPI" name="test_track_order_wrong_type" time="0.039" /><testcase classname="tests.test_orders_api.TestOrdersAPI" name="test_track_order_not_found" time="0.037" /><testcase classname="tests.test_orders_api.TestOrdersAPI" name="test_update_order_status" time="0.146" /><testcase classname="tests.test_orders_api.TestOrdersAPI" name="test_update_order_not_found" time="0.040" /><testcase classname="tests.test_orders_api.TestOrdersAPI" name="test_list_orders" time="0.036" /><testcase classname="tests.test_orders_api.TestOrdersAPI" name="test_list_orders_with_filters" time="0.038" /><testcase classname="tests.test_orders_api.TestOrdersAPI" name="test_list_orders_with_type_filter" time="0.036" /><testcase classname="tests.test_orders_api.TestOrdersAPI" name="test_list_orders_pagination" time="0.042" /><testcase classname="tests.test_orders_api.TestOrdersAPI" name="test_get_order_stats" time="0.039" /><testcase classname="tests.test_orders_api.TestOrdersAPI" name="test_get_single_order" time="0.036" /><testcase classname="tests.test_orders_api.TestOrdersAPI" name="test_get_single_order_not_found" time="0.036" /><testcase classname="tests.test_orders_api.TestSettingsAPI" name="test_get_company_settings" time="0.045" /><testcase classname="tests.test_orders_api.TestSettingsAPI" name="test_get_exchange_rates" time="0.038" /></testsuite></testsuites>