<?xml version="1.0" encoding="utf-8"?><testsuites name="pytest tests"><testsuite name="pytest" errors="0" failures="0" skipped="0" tests="10" time="2.159" timestamp="2026-02-17T01:11:18.853571+00:00" hostname="agent-env-0f9537d4-7aed-4e80-bf9b-ae1972c9998e"><testcase classname="backend.tests.test_rates_api.TestRatesAPI" name="test_get_rates_endpoint" time="0.297" /><testcase classname="backend.tests.test_rates_api.TestRatesAPI" name="test_get_single_rate" time="0.241" /><testcase classname="backend.tests.test_rates_api.TestRatesAPI" name="test_get_nonexistent_rate" time="0.187" /><testcase classname="backend.tests.test_rates_api.TestRatesAPI" name="test_live_fetch_endpoint" time="0.228" /><testcase classname="backend.tests.test_rates_api.TestRatesAPI" name="test_rate_mode_settings" time="0.136" /><testcase classname="backend.tests.test_rates_api.TestHealthEndpoints" name="test_api_health" time="0.169" /><testcase classname="backend.tests.test_rates_api.TestHealthEndpoints" name="test_cms_contact_endpoint" time="0.119" /><testcase classname="backend.tests.test_rates_api.TestHealthEndpoints" name="test_cms_terms_endpoint" time="0.292" /><testcase classname="backend.tests.test_rates_api.TestCurrencyConversion" name="test_usd_to_iqd_rate" time="0.157" /><testcase classname="backend.tests.test_rates_api.TestCurrencyConversion" name="test_multiple_currencies_available" time="0.138" /></testsuite></testsuites>